{"numFailedTestSuites":4,"numFailedTests":4,"numPassedTestSuites":3,"numPassedTests":3,"numPendingTestSuites":0,"numPendingTests":0,"numRuntimeErrorTestSuites":0,"numTodoTests":0,"numTotalTestSuites":7,"numTotalTests":7,"openHandles":[],"snapshot":{"added":0,"didUpdate":false,"failure":false,"filesAdded":0,"filesRemoved":0,"filesRemovedList":[],"filesUnmatched":0,"filesUpdated":0,"matched":0,"total":0,"unchecked":0,"uncheckedKeysByFile":[],"unmatched":0,"updated":0},"startTime":1752260115993,"success":false,"testResults":[{"assertionResults":[{"ancestorTitles":["CRDT 随机并发一致性"],"duration":259,"failureDetails":[{}],"failureMessages":["Error: Property failed after 3 tests\n{ seed: 1004313915, path: \"2:0:0:0:0:0:0:0:0:0:0:0:0:0:0:0:0:0:0:0:0:0:0:0:0:0:0:0:0:0:0:0:0:0:0:0:0:0:0:0:0:0:0:0:0:0:0:0:0:0:0:0:0:0:0:0:0:0:0:0:0:0:0:0:0:0:0:0:0:0:0:0:0:0:0:0:0:0:0:0:0:0:0:0:0:0:0:0:0:0:0\", endOnFailure: true }\nCounterexample: [[{\"client\":0,\"type\":\"insert\",\"pos\":0,\"char\":\" \"},{\"client\":0,\"type\":\"insert\",\"pos\":0,\"char\":\" \"},{\"client\":0,\"type\":\"insert\",\"pos\":0,\"char\":\" \"},{\"client\":0,\"type\":\"insert\",\"pos\":0,\"char\":\" \"},{\"client\":0,\"type\":\"insert\",\"pos\":0,\"char\":\" \"},{\"client\":0,\"type\":\"insert\",\"pos\":0,\"char\":\" \"},{\"client\":0,\"type\":\"insert\",\"pos\":0,\"char\":\" \"},{\"client\":0,\"type\":\"insert\",\"pos\":0,\"char\":\" \"},{\"client\":0,\"type\":\"insert\",\"pos\":0,\"char\":\" \"},{\"client\":0,\"type\":\"insert\",\"pos\":0,\"char\":\" \"},{\"client\":0,\"type\":\"insert\",\"pos\":0,\"char\":\" \"},{\"client\":0,\"type\":\"insert\",\"pos\":0,\"char\":\" \"},{\"client\":0,\"type\":\"insert\",\"pos\":0,\"char\":\" \"},{\"client\":0,\"type\":\"insert\",\"pos\":0,\"char\":\" \"},{\"client\":0,\"type\":\"insert\",\"pos\":0,\"char\":\" \"},{\"client\":0,\"type\":\"insert\",\"pos\":0,\"char\":\" \"},{\"client\":0,\"type\":\"insert\",\"pos\":0,\"char\":\" \"},{\"client\":0,\"type\":\"insert\",\"pos\":0,\"char\":\" \"},{\"client\":0,\"type\":\"insert\",\"pos\":0,\"char\":\" \"},{\"client\":0,\"type\":\"insert\",\"pos\":0,\"char\":\" \"},{\"client\":0,\"type\":\"insert\",\"pos\":0,\"char\":\" \"},{\"client\":0,\"type\":\"insert\",\"pos\":0,\"char\":\" \"},{\"client\":0,\"type\":\"insert\",\"pos\":0,\"char\":\" \"},{\"client\":0,\"type\":\"insert\",\"pos\":0,\"char\":\" \"},{\"client\":0,\"type\":\"insert\",\"pos\":0,\"char\":\" \"},{\"client\":0,\"type\":\"insert\",\"pos\":0,\"char\":\" \"},{\"client\":0,\"type\":\"insert\",\"pos\":0,\"char\":\" \"},{\"client\":0,\"type\":\"insert\",\"pos\":0,\"char\":\" \"},{\"client\":0,\"type\":\"insert\",\"pos\":0,\"char\":\" \"},{\"client\":0,\"type\":\"insert\",\"pos\":0,\"char\":\" \"}]]\nShrunk 90 time(s)\nGot error: \u001b[2mexpect(\u001b[22m\u001b[31mreceived\u001b[39m\u001b[2m).\u001b[22mtoBe\u001b[2m(\u001b[22m\u001b[32mexpected\u001b[39m\u001b[2m) // Object.is equality\u001b[22m\n\nExpected: \u001b[32m\"\"\u001b[39m\nReceived: \u001b[31m\"                              \"\u001b[39m\n    at toBe (/Users/aaron/Desktop/6200 毕业论文/markWeave/mark-weave-editor/tests/crdt/fuzz.test.js:47:41)\n    at Property.predicate (/Users/aaron/Desktop/6200 毕业论文/markWeave/mark-weave-editor/node_modules/fast-check/lib/check/property/Property.js:17:86)\n    at Property.run (/Users/aaron/Desktop/6200 毕业论文/markWeave/mark-weave-editor/node_modules/fast-check/lib/check/property/Property.generic.js:49:33)\n    at runIt (/Users/aaron/Desktop/6200 毕业论文/markWeave/mark-weave-editor/node_modules/fast-check/lib/check/runner/Runner.js:22:30)\n    at check (/Users/aaron/Desktop/6200 毕业论文/markWeave/mark-weave-editor/node_modules/fast-check/lib/check/runner/Runner.js:66:11)\n    at Object.assert (/Users/aaron/Desktop/6200 毕业论文/markWeave/mark-weave-editor/node_modules/fast-check/lib/check/runner/Runner.js:69:17)\n    at Object.assert (/Users/aaron/Desktop/6200 毕业论文/markWeave/mark-weave-editor/tests/crdt/fuzz.test.js:13:8)\n    at Promise.then.completed (/Users/aaron/Desktop/6200 毕业论文/markWeave/mark-weave-editor/node_modules/jest-circus/build/utils.js:298:28)\n    at new Promise (<anonymous>)\n    at callAsyncCircusFn (/Users/aaron/Desktop/6200 毕业论文/markWeave/mark-weave-editor/node_modules/jest-circus/build/utils.js:231:10)\n    at _callCircusTest (/Users/aaron/Desktop/6200 毕业论文/markWeave/mark-weave-editor/node_modules/jest-circus/build/run.js:316:40)\n    at _runTest (/Users/aaron/Desktop/6200 毕业论文/markWeave/mark-weave-editor/node_modules/jest-circus/build/run.js:252:3)\n    at _runTestsForDescribeBlock (/Users/aaron/Desktop/6200 毕业论文/markWeave/mark-weave-editor/node_modules/jest-circus/build/run.js:126:9)\n    at _runTestsForDescribeBlock (/Users/aaron/Desktop/6200 毕业论文/markWeave/mark-weave-editor/node_modules/jest-circus/build/run.js:121:9)\n    at run (/Users/aaron/Desktop/6200 毕业论文/markWeave/mark-weave-editor/node_modules/jest-circus/build/run.js:71:3)\n    at runAndTransformResultsToJestFormat (/Users/aaron/Desktop/6200 毕业论文/markWeave/mark-weave-editor/node_modules/jest-circus/build/legacy-code-todo-rewrite/jestAdapterInit.js:122:21)\n    at jestAdapter (/Users/aaron/Desktop/6200 毕业论文/markWeave/mark-weave-editor/node_modules/jest-circus/build/legacy-code-todo-rewrite/jestAdapter.js:79:19)\n    at runTestInternal (/Users/aaron/Desktop/6200 毕业论文/markWeave/mark-weave-editor/node_modules/jest-runner/build/runTest.js:367:16)\n    at runTest (/Users/aaron/Desktop/6200 毕业论文/markWeave/mark-weave-editor/node_modules/jest-runner/build/runTest.js:444:34)\n\nHint: Enable verbose mode in order to have the list of all failing values encountered during the run\n    at buildError (/Users/aaron/Desktop/6200 毕业论文/markWeave/mark-weave-editor/node_modules/fast-check/lib/check/runner/utils/RunDetailsFormatter.js:132:15)\n    at throwIfFailed (/Users/aaron/Desktop/6200 毕业论文/markWeave/mark-weave-editor/node_modules/fast-check/lib/check/runner/utils/RunDetailsFormatter.js:144:11)\n    at reportRunDetails (/Users/aaron/Desktop/6200 毕业论文/markWeave/mark-weave-editor/node_modules/fast-check/lib/check/runner/utils/RunDetailsFormatter.js:157:16)\n    at Object.assert (/Users/aaron/Desktop/6200 毕业论文/markWeave/mark-weave-editor/node_modules/fast-check/lib/check/runner/Runner.js:73:52)\n    at Object.assert (/Users/aaron/Desktop/6200 毕业论文/markWeave/mark-weave-editor/tests/crdt/fuzz.test.js:13:8)\n    at Promise.then.completed (/Users/aaron/Desktop/6200 毕业论文/markWeave/mark-weave-editor/node_modules/jest-circus/build/utils.js:298:28)\n    at new Promise (<anonymous>)\n    at callAsyncCircusFn (/Users/aaron/Desktop/6200 毕业论文/markWeave/mark-weave-editor/node_modules/jest-circus/build/utils.js:231:10)\n    at _callCircusTest (/Users/aaron/Desktop/6200 毕业论文/markWeave/mark-weave-editor/node_modules/jest-circus/build/run.js:316:40)\n    at _runTest (/Users/aaron/Desktop/6200 毕业论文/markWeave/mark-weave-editor/node_modules/jest-circus/build/run.js:252:3)\n    at _runTestsForDescribeBlock (/Users/aaron/Desktop/6200 毕业论文/markWeave/mark-weave-editor/node_modules/jest-circus/build/run.js:126:9)\n    at _runTestsForDescribeBlock (/Users/aaron/Desktop/6200 毕业论文/markWeave/mark-weave-editor/node_modules/jest-circus/build/run.js:121:9)\n    at run (/Users/aaron/Desktop/6200 毕业论文/markWeave/mark-weave-editor/node_modules/jest-circus/build/run.js:71:3)\n    at runAndTransformResultsToJestFormat (/Users/aaron/Desktop/6200 毕业论文/markWeave/mark-weave-editor/node_modules/jest-circus/build/legacy-code-todo-rewrite/jestAdapterInit.js:122:21)\n    at jestAdapter (/Users/aaron/Desktop/6200 毕业论文/markWeave/mark-weave-editor/node_modules/jest-circus/build/legacy-code-todo-rewrite/jestAdapter.js:79:19)\n    at runTestInternal (/Users/aaron/Desktop/6200 毕业论文/markWeave/mark-weave-editor/node_modules/jest-runner/build/runTest.js:367:16)\n    at runTest (/Users/aaron/Desktop/6200 毕业论文/markWeave/mark-weave-editor/node_modules/jest-runner/build/runTest.js:444:34)"],"fullName":"CRDT 随机并发一致性 50 轮随机操作后所有客户端文本一致","invocations":1,"location":null,"numPassingAsserts":95,"retryReasons":[],"status":"failed","title":"50 轮随机操作后所有客户端文本一致"}],"endTime":1752260116659,"message":"\u001b[1m\u001b[31m  \u001b[1m● \u001b[22m\u001b[1mCRDT 随机并发一致性 › 50 轮随机操作后所有客户端文本一致\u001b[39m\u001b[22m\n\n    Property failed after 3 tests\n    { seed: 1004313915, path: \"2:0:0:0:0:0:0:0:0:0:0:0:0:0:0:0:0:0:0:0:0:0:0:0:0:0:0:0:0:0:0:0:0:0:0:0:0:0:0:0:0:0:0:0:0:0:0:0:0:0:0:0:0:0:0:0:0:0:0:0:0:0:0:0:0:0:0:0:0:0:0:0:0:0:0:0:0:0:0:0:0:0:0:0:0:0:0:0:0:0:0\", endOnFailure: true }\n    Counterexample: [[{\"client\":0,\"type\":\"insert\",\"pos\":0,\"char\":\" \"},{\"client\":0,\"type\":\"insert\",\"pos\":0,\"char\":\" \"},{\"client\":0,\"type\":\"insert\",\"pos\":0,\"char\":\" \"},{\"client\":0,\"type\":\"insert\",\"pos\":0,\"char\":\" \"},{\"client\":0,\"type\":\"insert\",\"pos\":0,\"char\":\" \"},{\"client\":0,\"type\":\"insert\",\"pos\":0,\"char\":\" \"},{\"client\":0,\"type\":\"insert\",\"pos\":0,\"char\":\" \"},{\"client\":0,\"type\":\"insert\",\"pos\":0,\"char\":\" \"},{\"client\":0,\"type\":\"insert\",\"pos\":0,\"char\":\" \"},{\"client\":0,\"type\":\"insert\",\"pos\":0,\"char\":\" \"},{\"client\":0,\"type\":\"insert\",\"pos\":0,\"char\":\" \"},{\"client\":0,\"type\":\"insert\",\"pos\":0,\"char\":\" \"},{\"client\":0,\"type\":\"insert\",\"pos\":0,\"char\":\" \"},{\"client\":0,\"type\":\"insert\",\"pos\":0,\"char\":\" \"},{\"client\":0,\"type\":\"insert\",\"pos\":0,\"char\":\" \"},{\"client\":0,\"type\":\"insert\",\"pos\":0,\"char\":\" \"},{\"client\":0,\"type\":\"insert\",\"pos\":0,\"char\":\" \"},{\"client\":0,\"type\":\"insert\",\"pos\":0,\"char\":\" \"},{\"client\":0,\"type\":\"insert\",\"pos\":0,\"char\":\" \"},{\"client\":0,\"type\":\"insert\",\"pos\":0,\"char\":\" \"},{\"client\":0,\"type\":\"insert\",\"pos\":0,\"char\":\" \"},{\"client\":0,\"type\":\"insert\",\"pos\":0,\"char\":\" \"},{\"client\":0,\"type\":\"insert\",\"pos\":0,\"char\":\" \"},{\"client\":0,\"type\":\"insert\",\"pos\":0,\"char\":\" \"},{\"client\":0,\"type\":\"insert\",\"pos\":0,\"char\":\" \"},{\"client\":0,\"type\":\"insert\",\"pos\":0,\"char\":\" \"},{\"client\":0,\"type\":\"insert\",\"pos\":0,\"char\":\" \"},{\"client\":0,\"type\":\"insert\",\"pos\":0,\"char\":\" \"},{\"client\":0,\"type\":\"insert\",\"pos\":0,\"char\":\" \"},{\"client\":0,\"type\":\"insert\",\"pos\":0,\"char\":\" \"}]]\n    Shrunk 90 time(s)\n    Got error: \u001b[2mexpect(\u001b[22m\u001b[31mreceived\u001b[39m\u001b[2m).\u001b[22mtoBe\u001b[2m(\u001b[22m\u001b[32mexpected\u001b[39m\u001b[2m) // Object.is equality\u001b[22m\n\n    Expected: \u001b[32m\"\"\u001b[39m\n    Received: \u001b[31m\"                              \"\u001b[39m\n\u001b[2m\u001b[22m\n\u001b[2m    \u001b[0m \u001b[90m 45 |\u001b[39m           \u001b[36mconst\u001b[39m snapshot \u001b[33m=\u001b[39m clients[\u001b[35m0\u001b[39m]\u001b[33m.\u001b[39msnapshot()\u001b[33m;\u001b[39m\u001b[22m\n\u001b[2m     \u001b[90m 46 |\u001b[39m           expect(clients[\u001b[35m1\u001b[39m]\u001b[33m.\u001b[39msnapshot())\u001b[33m.\u001b[39mtoBe(snapshot)\u001b[33m;\u001b[39m\u001b[22m\n\u001b[2m    \u001b[31m\u001b[1m>\u001b[22m\u001b[2m\u001b[39m\u001b[90m 47 |\u001b[39m           expect(clients[\u001b[35m2\u001b[39m]\u001b[33m.\u001b[39msnapshot())\u001b[33m.\u001b[39mtoBe(snapshot)\u001b[33m;\u001b[39m\u001b[22m\n\u001b[2m     \u001b[90m    |\u001b[39m                                         \u001b[31m\u001b[1m^\u001b[22m\u001b[2m\u001b[39m\u001b[22m\n\u001b[2m     \u001b[90m 48 |\u001b[39m         }\u001b[22m\n\u001b[2m     \u001b[90m 49 |\u001b[39m       )\u001b[33m,\u001b[39m\u001b[22m\n\u001b[2m     \u001b[90m 50 |\u001b[39m       { numRuns\u001b[33m:\u001b[39m \u001b[35m50\u001b[39m }\u001b[0m\u001b[22m\n\u001b[2m\u001b[22m\n\u001b[2m      \u001b[2mat toBe (\u001b[22m\u001b[2m\u001b[0m\u001b[36mtests/crdt/fuzz.test.js\u001b[39m\u001b[0m\u001b[2m:47:41)\u001b[22m\u001b[2m\u001b[22m\n\u001b[2m      \u001b[2mat Property.predicate (\u001b[22m\u001b[2mnode_modules/fast-check/lib/check/property/Property.js\u001b[2m:17:86)\u001b[22m\u001b[2m\u001b[22m\n\u001b[2m      \u001b[2mat Property.run (\u001b[22m\u001b[2mnode_modules/fast-check/lib/check/property/Property.generic.js\u001b[2m:49:33)\u001b[22m\u001b[2m\u001b[22m\n\u001b[2m      \u001b[2mat runIt (\u001b[22m\u001b[2mnode_modules/fast-check/lib/check/runner/Runner.js\u001b[2m:22:30)\u001b[22m\u001b[2m\u001b[22m\n\u001b[2m      \u001b[2mat check (\u001b[22m\u001b[2mnode_modules/fast-check/lib/check/runner/Runner.js\u001b[2m:66:11)\u001b[22m\u001b[2m\u001b[22m\n\u001b[2m      \u001b[2mat Object.assert (\u001b[22m\u001b[2mnode_modules/fast-check/lib/check/runner/Runner.js\u001b[2m:69:17)\u001b[22m\u001b[2m\u001b[22m\n\u001b[2m      \u001b[2mat Object.assert (\u001b[22m\u001b[2m\u001b[0m\u001b[36mtests/crdt/fuzz.test.js\u001b[39m\u001b[0m\u001b[2m:13:8)\u001b[22m\u001b[2m\u001b[22m\n\u001b[2m      Hint: Enable verbose mode in order to have the list of all failing values encountered during the run\u001b[22m\n\u001b[2m      \u001b[2mat buildError (\u001b[22m\u001b[2mnode_modules/fast-check/lib/check/runner/utils/RunDetailsFormatter.js\u001b[2m:132:15)\u001b[22m\u001b[2m\u001b[22m\n\u001b[2m      \u001b[2mat throwIfFailed (\u001b[22m\u001b[2mnode_modules/fast-check/lib/check/runner/utils/RunDetailsFormatter.js\u001b[2m:144:11)\u001b[22m\u001b[2m\u001b[22m\n\u001b[2m      \u001b[2mat reportRunDetails (\u001b[22m\u001b[2mnode_modules/fast-check/lib/check/runner/utils/RunDetailsFormatter.js\u001b[2m:157:16)\u001b[22m\u001b[2m\u001b[22m\n\u001b[2m      \u001b[2mat Object.assert (\u001b[22m\u001b[2mnode_modules/fast-check/lib/check/runner/Runner.js\u001b[2m:73:52)\u001b[22m\u001b[2m\u001b[22m\n\u001b[2m      \u001b[2mat Object.assert (\u001b[22m\u001b[2m\u001b[0m\u001b[36mtests/crdt/fuzz.test.js\u001b[39m\u001b[0m\u001b[2m:13:8)\u001b[22m\u001b[2m\u001b[22m\n","name":"/Users/aaron/Desktop/6200 毕业论文/markWeave/mark-weave-editor/tests/crdt/fuzz.test.js","startTime":1752260116042,"status":"failed","summary":""},{"assertionResults":[{"ancestorTitles":[],"duration":3,"failureDetails":[{}],"failureMessages":["TypeError: Cannot read properties of undefined (reading 'marks')\n    at Object.marks (/Users/aaron/Desktop/6200 毕业论文/markWeave/mark-weave-editor/tests/crdt/multiMark.test.js:45:46)\n    at Promise.then.completed (/Users/aaron/Desktop/6200 毕业论文/markWeave/mark-weave-editor/node_modules/jest-circus/build/utils.js:298:28)\n    at new Promise (<anonymous>)\n    at callAsyncCircusFn (/Users/aaron/Desktop/6200 毕业论文/markWeave/mark-weave-editor/node_modules/jest-circus/build/utils.js:231:10)\n    at _callCircusTest (/Users/aaron/Desktop/6200 毕业论文/markWeave/mark-weave-editor/node_modules/jest-circus/build/run.js:316:40)\n    at _runTest (/Users/aaron/Desktop/6200 毕业论文/markWeave/mark-weave-editor/node_modules/jest-circus/build/run.js:252:3)\n    at _runTestsForDescribeBlock (/Users/aaron/Desktop/6200 毕业论文/markWeave/mark-weave-editor/node_modules/jest-circus/build/run.js:126:9)\n    at run (/Users/aaron/Desktop/6200 毕业论文/markWeave/mark-weave-editor/node_modules/jest-circus/build/run.js:71:3)\n    at runAndTransformResultsToJestFormat (/Users/aaron/Desktop/6200 毕业论文/markWeave/mark-weave-editor/node_modules/jest-circus/build/legacy-code-todo-rewrite/jestAdapterInit.js:122:21)\n    at jestAdapter (/Users/aaron/Desktop/6200 毕业论文/markWeave/mark-weave-editor/node_modules/jest-circus/build/legacy-code-todo-rewrite/jestAdapter.js:79:19)\n    at runTestInternal (/Users/aaron/Desktop/6200 毕业论文/markWeave/mark-weave-editor/node_modules/jest-runner/build/runTest.js:367:16)\n    at runTest (/Users/aaron/Desktop/6200 毕业论文/markWeave/mark-weave-editor/node_modules/jest-runner/build/runTest.js:444:34)"],"fullName":"多格式叠加后撤销得到正确 mark 树","invocations":1,"location":null,"numPassingAsserts":0,"retryReasons":[],"status":"failed","title":"多格式叠加后撤销得到正确 mark 树"}],"endTime":1752260116734,"message":"\u001b[1m\u001b[31m  \u001b[1m● \u001b[22m\u001b[1m多格式叠加后撤销得到正确 mark 树\u001b[39m\u001b[22m\n\n    TypeError: Cannot read properties of undefined (reading 'marks')\n\u001b[2m\u001b[22m\n\u001b[2m    \u001b[0m \u001b[90m 43 |\u001b[39m   \u001b[36mconst\u001b[39m json \u001b[33m=\u001b[39m docNode\u001b[33m.\u001b[39mtoJSON()\u001b[33m;\u001b[39m\u001b[22m\n\u001b[2m     \u001b[90m 44 |\u001b[39m   \u001b[36mconst\u001b[39m marksH \u001b[33m=\u001b[39m (json\u001b[33m.\u001b[39mcontent[\u001b[35m0\u001b[39m]\u001b[33m.\u001b[39mcontent[\u001b[35m0\u001b[39m]\u001b[33m.\u001b[39mmarks \u001b[33m||\u001b[39m [])\u001b[33m.\u001b[39mmap((m) \u001b[33m=>\u001b[39m m\u001b[33m.\u001b[39mtype)\u001b[33m;\u001b[39m\u001b[22m\n\u001b[2m    \u001b[31m\u001b[1m>\u001b[22m\u001b[2m\u001b[39m\u001b[90m 45 |\u001b[39m   \u001b[36mconst\u001b[39m marksI \u001b[33m=\u001b[39m (json\u001b[33m.\u001b[39mcontent[\u001b[35m0\u001b[39m]\u001b[33m.\u001b[39mcontent[\u001b[35m1\u001b[39m]\u001b[33m.\u001b[39mmarks \u001b[33m||\u001b[39m [])\u001b[33m.\u001b[39mmap((m) \u001b[33m=>\u001b[39m m\u001b[33m.\u001b[39mtype)\u001b[33m;\u001b[39m\u001b[22m\n\u001b[2m     \u001b[90m    |\u001b[39m                                              \u001b[31m\u001b[1m^\u001b[22m\u001b[2m\u001b[39m\u001b[22m\n\u001b[2m     \u001b[90m 46 |\u001b[39m\u001b[22m\n\u001b[2m     \u001b[90m 47 |\u001b[39m   expect(marksH)\u001b[33m.\u001b[39mtoEqual([\u001b[32m\"link\"\u001b[39m])\u001b[33m;\u001b[39m\u001b[22m\n\u001b[2m     \u001b[90m 48 |\u001b[39m   expect(marksI\u001b[33m.\u001b[39mlength)\u001b[33m.\u001b[39mtoBe(\u001b[35m0\u001b[39m)\u001b[33m;\u001b[39m\u001b[0m\u001b[22m\n\u001b[2m\u001b[22m\n\u001b[2m      \u001b[2mat Object.marks (\u001b[22m\u001b[2m\u001b[0m\u001b[36mtests/crdt/multiMark.test.js\u001b[39m\u001b[0m\u001b[2m:45:46)\u001b[22m\u001b[2m\u001b[22m\n","name":"/Users/aaron/Desktop/6200 毕业论文/markWeave/mark-weave-editor/tests/crdt/multiMark.test.js","startTime":1752260116663,"status":"failed","summary":""},{"assertionResults":[{"ancestorTitles":[],"duration":5,"failureDetails":[{"matcherResult":{"actual":"abX","expected":"aXb","message":"\u001b[2mexpect(\u001b[22m\u001b[31mreceived\u001b[39m\u001b[2m).\u001b[22mtoBe\u001b[2m(\u001b[22m\u001b[32mexpected\u001b[39m\u001b[2m) // Object.is equality\u001b[22m\n\nExpected: \u001b[32m\"a\u001b[7mX\u001b[27mb\"\u001b[39m\nReceived: \u001b[31m\"ab\u001b[7mX\u001b[27m\"\u001b[39m","name":"toBe","pass":false}}],"failureMessages":["Error: \u001b[2mexpect(\u001b[22m\u001b[31mreceived\u001b[39m\u001b[2m).\u001b[22mtoBe\u001b[2m(\u001b[22m\u001b[32mexpected\u001b[39m\u001b[2m) // Object.is equality\u001b[22m\n\nExpected: \u001b[32m\"a\u001b[7mX\u001b[27mb\"\u001b[39m\nReceived: \u001b[31m\"ab\u001b[7mX\u001b[27m\"\u001b[39m\n    at Object.toBe (/Users/aaron/Desktop/6200 毕业论文/markWeave/mark-weave-editor/tests/crdt/afterId.test.js:32:24)\n    at Promise.then.completed (/Users/aaron/Desktop/6200 毕业论文/markWeave/mark-weave-editor/node_modules/jest-circus/build/utils.js:298:28)\n    at new Promise (<anonymous>)\n    at callAsyncCircusFn (/Users/aaron/Desktop/6200 毕业论文/markWeave/mark-weave-editor/node_modules/jest-circus/build/utils.js:231:10)\n    at _callCircusTest (/Users/aaron/Desktop/6200 毕业论文/markWeave/mark-weave-editor/node_modules/jest-circus/build/run.js:316:40)\n    at _runTest (/Users/aaron/Desktop/6200 毕业论文/markWeave/mark-weave-editor/node_modules/jest-circus/build/run.js:252:3)\n    at _runTestsForDescribeBlock (/Users/aaron/Desktop/6200 毕业论文/markWeave/mark-weave-editor/node_modules/jest-circus/build/run.js:126:9)\n    at run (/Users/aaron/Desktop/6200 毕业论文/markWeave/mark-weave-editor/node_modules/jest-circus/build/run.js:71:3)\n    at runAndTransformResultsToJestFormat (/Users/aaron/Desktop/6200 毕业论文/markWeave/mark-weave-editor/node_modules/jest-circus/build/legacy-code-todo-rewrite/jestAdapterInit.js:122:21)\n    at jestAdapter (/Users/aaron/Desktop/6200 毕业论文/markWeave/mark-weave-editor/node_modules/jest-circus/build/legacy-code-todo-rewrite/jestAdapter.js:79:19)\n    at runTestInternal (/Users/aaron/Desktop/6200 毕业论文/markWeave/mark-weave-editor/node_modules/jest-runner/build/runTest.js:367:16)\n    at runTest (/Users/aaron/Desktop/6200 毕业论文/markWeave/mark-weave-editor/node_modules/jest-runner/build/runTest.js:444:34)"],"fullName":"afterId 顺序插入应产生 aXb","invocations":1,"location":null,"numPassingAsserts":0,"retryReasons":[],"status":"failed","title":"afterId 顺序插入应产生 aXb"}],"endTime":1752260116805,"message":"\u001b[1m\u001b[31m  \u001b[1m● \u001b[22m\u001b[1mafterId 顺序插入应产生 aXb\u001b[39m\u001b[22m\n\n    \u001b[2mexpect(\u001b[22m\u001b[31mreceived\u001b[39m\u001b[2m).\u001b[22mtoBe\u001b[2m(\u001b[22m\u001b[32mexpected\u001b[39m\u001b[2m) // Object.is equality\u001b[22m\n\n    Expected: \u001b[32m\"a\u001b[7mX\u001b[27mb\"\u001b[39m\n    Received: \u001b[31m\"ab\u001b[7mX\u001b[27m\"\u001b[39m\n\u001b[2m\u001b[22m\n\u001b[2m    \u001b[0m \u001b[90m 30 |\u001b[39m   \u001b[33mA\u001b[39m\u001b[33m.\u001b[39mapply(updB)\u001b[33m;\u001b[39m\u001b[22m\n\u001b[2m     \u001b[90m 31 |\u001b[39m\u001b[22m\n\u001b[2m    \u001b[31m\u001b[1m>\u001b[22m\u001b[2m\u001b[39m\u001b[90m 32 |\u001b[39m   expect(\u001b[33mA\u001b[39m\u001b[33m.\u001b[39msnapshot())\u001b[33m.\u001b[39mtoBe(\u001b[32m\"aXb\"\u001b[39m)\u001b[33m;\u001b[39m\u001b[22m\n\u001b[2m     \u001b[90m    |\u001b[39m                        \u001b[31m\u001b[1m^\u001b[22m\u001b[2m\u001b[39m\u001b[22m\n\u001b[2m     \u001b[90m 33 |\u001b[39m   expect(\u001b[33mB\u001b[39m\u001b[33m.\u001b[39msnapshot())\u001b[33m.\u001b[39mtoBe(\u001b[32m\"aXb\"\u001b[39m)\u001b[33m;\u001b[39m\u001b[22m\n\u001b[2m     \u001b[90m 34 |\u001b[39m })\u001b[33m;\u001b[39m\u001b[22m\n\u001b[2m     \u001b[90m 35 |\u001b[39m\u001b[0m\u001b[22m\n\u001b[2m\u001b[22m\n\u001b[2m      \u001b[2mat Object.toBe (\u001b[22m\u001b[2m\u001b[0m\u001b[36mtests/crdt/afterId.test.js\u001b[39m\u001b[0m\u001b[2m:32:24)\u001b[22m\u001b[2m\u001b[22m\n","name":"/Users/aaron/Desktop/6200 毕业论文/markWeave/mark-weave-editor/tests/crdt/afterId.test.js","startTime":1752260116736,"status":"failed","summary":""},{"assertionResults":[{"ancestorTitles":[],"duration":6,"failureDetails":[{"matcherResult":{"actual":"aef","expected":"a","message":"\u001b[2mexpect(\u001b[22m\u001b[31mreceived\u001b[39m\u001b[2m).\u001b[22mtoBe\u001b[2m(\u001b[22m\u001b[32mexpected\u001b[39m\u001b[2m) // Object.is equality\u001b[22m\n\nExpected: \u001b[32m\"a\"\u001b[39m\nReceived: \u001b[31m\"a\u001b[7mef\u001b[27m\"\u001b[39m","name":"toBe","pass":false}}],"failureMessages":["Error: \u001b[2mexpect(\u001b[22m\u001b[31mreceived\u001b[39m\u001b[2m).\u001b[22mtoBe\u001b[2m(\u001b[22m\u001b[32mexpected\u001b[39m\u001b[2m) // Object.is equality\u001b[22m\n\nExpected: \u001b[32m\"a\"\u001b[39m\nReceived: \u001b[31m\"a\u001b[7mef\u001b[27m\"\u001b[39m\n    at Object.toBe (/Users/aaron/Desktop/6200 毕业论文/markWeave/mark-weave-editor/tests/crdt/deleteRange.test.js:30:25)\n    at Promise.then.completed (/Users/aaron/Desktop/6200 毕业论文/markWeave/mark-weave-editor/node_modules/jest-circus/build/utils.js:298:28)\n    at new Promise (<anonymous>)\n    at callAsyncCircusFn (/Users/aaron/Desktop/6200 毕业论文/markWeave/mark-weave-editor/node_modules/jest-circus/build/utils.js:231:10)\n    at _callCircusTest (/Users/aaron/Desktop/6200 毕业论文/markWeave/mark-weave-editor/node_modules/jest-circus/build/run.js:316:40)\n    at _runTest (/Users/aaron/Desktop/6200 毕业论文/markWeave/mark-weave-editor/node_modules/jest-circus/build/run.js:252:3)\n    at _runTestsForDescribeBlock (/Users/aaron/Desktop/6200 毕业论文/markWeave/mark-weave-editor/node_modules/jest-circus/build/run.js:126:9)\n    at run (/Users/aaron/Desktop/6200 毕业论文/markWeave/mark-weave-editor/node_modules/jest-circus/build/run.js:71:3)\n    at runAndTransformResultsToJestFormat (/Users/aaron/Desktop/6200 毕业论文/markWeave/mark-weave-editor/node_modules/jest-circus/build/legacy-code-todo-rewrite/jestAdapterInit.js:122:21)\n    at jestAdapter (/Users/aaron/Desktop/6200 毕业论文/markWeave/mark-weave-editor/node_modules/jest-circus/build/legacy-code-todo-rewrite/jestAdapter.js:79:19)\n    at runTestInternal (/Users/aaron/Desktop/6200 毕业论文/markWeave/mark-weave-editor/node_modules/jest-runner/build/runTest.js:367:16)\n    at runTest (/Users/aaron/Desktop/6200 毕业论文/markWeave/mark-weave-editor/node_modules/jest-runner/build/runTest.js:444:34)"],"fullName":"重叠/相邻删除后最终一致","invocations":1,"location":null,"numPassingAsserts":0,"retryReasons":[],"status":"failed","title":"重叠/相邻删除后最终一致"}],"endTime":1752260116865,"message":"\u001b[1m\u001b[31m  \u001b[1m● \u001b[22m\u001b[1m重叠/相邻删除后最终一致\u001b[39m\u001b[22m\n\n    \u001b[2mexpect(\u001b[22m\u001b[31mreceived\u001b[39m\u001b[2m).\u001b[22mtoBe\u001b[2m(\u001b[22m\u001b[32mexpected\u001b[39m\u001b[2m) // Object.is equality\u001b[22m\n\n    Expected: \u001b[32m\"a\"\u001b[39m\n    Received: \u001b[31m\"a\u001b[7mef\u001b[27m\"\u001b[39m\n\u001b[2m\u001b[22m\n\u001b[2m    \u001b[0m \u001b[90m 28 |\u001b[39m   \u001b[33mC2\u001b[39m\u001b[33m.\u001b[39mapply(upd1)\u001b[33m;\u001b[39m\u001b[22m\n\u001b[2m     \u001b[90m 29 |\u001b[39m\u001b[22m\n\u001b[2m    \u001b[31m\u001b[1m>\u001b[22m\u001b[2m\u001b[39m\u001b[90m 30 |\u001b[39m   expect(\u001b[33mC1\u001b[39m\u001b[33m.\u001b[39msnapshot())\u001b[33m.\u001b[39mtoBe(\u001b[32m\"a\"\u001b[39m)\u001b[33m;\u001b[39m\u001b[22m\n\u001b[2m     \u001b[90m    |\u001b[39m                         \u001b[31m\u001b[1m^\u001b[22m\u001b[2m\u001b[39m\u001b[22m\n\u001b[2m     \u001b[90m 31 |\u001b[39m   expect(\u001b[33mC2\u001b[39m\u001b[33m.\u001b[39msnapshot())\u001b[33m.\u001b[39mtoBe(\u001b[32m\"a\"\u001b[39m)\u001b[33m;\u001b[39m\u001b[22m\n\u001b[2m     \u001b[90m 32 |\u001b[39m })\u001b[33m;\u001b[39m\u001b[22m\n\u001b[2m     \u001b[90m 33 |\u001b[39m\u001b[0m\u001b[22m\n\u001b[2m\u001b[22m\n\u001b[2m      \u001b[2mat Object.toBe (\u001b[22m\u001b[2m\u001b[0m\u001b[36mtests/crdt/deleteRange.test.js\u001b[39m\u001b[0m\u001b[2m:30:25)\u001b[22m\u001b[2m\u001b[22m\n","name":"/Users/aaron/Desktop/6200 毕业论文/markWeave/mark-weave-editor/tests/crdt/deleteRange.test.js","startTime":1752260116807,"status":"failed","summary":""},{"assertionResults":[{"ancestorTitles":[],"duration":20732,"failureDetails":[],"failureMessages":[],"fullName":"CRDT 基准性能","invocations":1,"location":null,"numPassingAsserts":2,"retryReasons":[],"status":"passed","title":"CRDT 基准性能"}],"endTime":1752260137652,"message":"","name":"/Users/aaron/Desktop/6200 毕业论文/markWeave/mark-weave-editor/tests/crdt/benchmark.test.js","startTime":1752260116868,"status":"passed","summary":""},{"assertionResults":[{"ancestorTitles":[],"duration":9,"failureDetails":[],"failureMessages":[],"fullName":"removeBold 应覆盖 addBold (remove-wins)","invocations":1,"location":null,"numPassingAsserts":1,"retryReasons":[],"status":"passed","title":"removeBold 应覆盖 addBold (remove-wins)"}],"endTime":1752260137756,"message":"","name":"/Users/aaron/Desktop/6200 毕业论文/markWeave/mark-weave-editor/tests/crdt/removeWins.test.js","startTime":1752260137656,"status":"passed","summary":""},{"assertionResults":[{"ancestorTitles":[],"duration":4,"failureDetails":[],"failureMessages":[],"fullName":"两个客户端并发插入后状态一致","invocations":1,"location":null,"numPassingAsserts":1,"retryReasons":[],"status":"passed","title":"两个客户端并发插入后状态一致"}],"endTime":1752260137809,"message":"","name":"/Users/aaron/Desktop/6200 毕业论文/markWeave/mark-weave-editor/tests/crdt/deterministic.test.js","startTime":1752260137757,"status":"passed","summary":""}],"wasInterrupted":false}
