{"numFailedTestSuites":1,"numFailedTests":1,"numPassedTestSuites":7,"numPassedTests":43,"numPendingTestSuites":0,"numPendingTests":0,"numRuntimeErrorTestSuites":0,"numTodoTests":0,"numTotalTestSuites":8,"numTotalTests":44,"openHandles":[],"snapshot":{"added":0,"didUpdate":false,"failure":false,"filesAdded":0,"filesRemoved":0,"filesRemovedList":[],"filesUnmatched":0,"filesUpdated":0,"matched":0,"total":0,"unchecked":0,"uncheckedKeysByFile":[],"unmatched":0,"updated":0},"startTime":1752423874450,"success":false,"testResults":[{"assertionResults":[{"ancestorTitles":[],"duration":2267,"failureDetails":[],"failureMessages":[],"fullName":"CRDT 基准性能","invocations":1,"location":null,"numPassingAsserts":2,"retryReasons":[],"status":"passed","title":"CRDT 基准性能"}],"endTime":1752423876919,"message":"","name":"/Users/aaron/Desktop/6200 毕业论文/markWeave/mark-weave-editor/tests/crdt/benchmark.test.js","startTime":1752423874466,"status":"passed","summary":""},{"assertionResults":[{"ancestorTitles":["CRDT 随机并发一致性"],"duration":71,"failureDetails":[],"failureMessages":[],"fullName":"CRDT 随机并发一致性 50 轮随机操作后所有客户端文本一致","invocations":1,"location":null,"numPassingAsserts":100,"retryReasons":[],"status":"passed","title":"50 轮随机操作后所有客户端文本一致"},{"ancestorTitles":["CRDT 随机并发一致性"],"duration":99,"failureDetails":[],"failureMessages":[],"fullName":"CRDT 随机并发一致性 复杂混合操作 - 插入、删除、批量文本操作","invocations":1,"location":null,"numPassingAsserts":120,"retryReasons":[],"status":"passed","title":"复杂混合操作 - 插入、删除、批量文本操作"},{"ancestorTitles":["CRDT 随机并发一致性"],"duration":56,"failureDetails":[],"failureMessages":[],"fullName":"CRDT 随机并发一致性 极端边界情况 - 空文档和大量操作","invocations":1,"location":null,"numPassingAsserts":25,"retryReasons":[],"status":"passed","title":"极端边界情况 - 空文档和大量操作"},{"ancestorTitles":["CRDT 随机并发一致性"],"duration":51,"failureDetails":[],"failureMessages":[],"fullName":"CRDT 随机并发一致性 时间戳冲突压力测试 - 模拟高并发","invocations":1,"location":null,"numPassingAsserts":670,"retryReasons":[],"status":"passed","title":"时间戳冲突压力测试 - 模拟高并发"},{"ancestorTitles":["CRDT 随机并发一致性"],"duration":25,"failureDetails":[],"failureMessages":[],"fullName":"CRDT 随机并发一致性 网络分区恢复 - 随机分组和重连","invocations":1,"location":null,"numPassingAsserts":45,"retryReasons":[],"status":"passed","title":"网络分区恢复 - 随机分组和重连"},{"ancestorTitles":["CRDT 随机并发一致性"],"duration":208,"failureDetails":[],"failureMessages":[],"fullName":"CRDT 随机并发一致性 大规模数据量测试 - 处理长文档","invocations":1,"location":null,"numPassingAsserts":20,"retryReasons":[],"status":"passed","title":"大规模数据量测试 - 处理长文档"}],"endTime":1752423877517,"message":"","name":"/Users/aaron/Desktop/6200 毕业论文/markWeave/mark-weave-editor/tests/crdt/fuzz.test.js","startTime":1752423876921,"status":"passed","summary":""},{"assertionResults":[{"ancestorTitles":["afterId 定位逻辑测试套件"],"duration":4,"failureDetails":[],"failureMessages":[],"fullName":"afterId 定位逻辑测试套件 基础 afterId 插入：在指定字符后插入","invocations":1,"location":null,"numPassingAsserts":2,"retryReasons":[],"status":"passed","title":"基础 afterId 插入：在指定字符后插入"},{"ancestorTitles":["afterId 定位逻辑测试套件"],"duration":3,"failureDetails":[],"failureMessages":[],"fullName":"afterId 定位逻辑测试套件 afterId=null 插入：在文档开头插入","invocations":1,"location":null,"numPassingAsserts":3,"retryReasons":[],"status":"passed","title":"afterId=null 插入：在文档开头插入"},{"ancestorTitles":["afterId 定位逻辑测试套件"],"duration":1,"failureDetails":[],"failureMessages":[],"fullName":"afterId 定位逻辑测试套件 在最后一个字符后插入","invocations":1,"location":null,"numPassingAsserts":8,"retryReasons":[],"status":"passed","title":"在最后一个字符后插入"},{"ancestorTitles":["afterId 定位逻辑测试套件"],"duration":2,"failureDetails":[],"failureMessages":[],"fullName":"afterId 定位逻辑测试套件 链式插入：连续在同一位置插入多个字符","invocations":1,"location":null,"numPassingAsserts":6,"retryReasons":[],"status":"passed","title":"链式插入：连续在同一位置插入多个字符"},{"ancestorTitles":["afterId 定位逻辑测试套件"],"duration":1,"failureDetails":[],"failureMessages":[],"fullName":"afterId 定位逻辑测试套件 在中间字符后插入","invocations":1,"location":null,"numPassingAsserts":2,"retryReasons":[],"status":"passed","title":"在中间字符后插入"},{"ancestorTitles":["afterId 定位逻辑测试套件"],"duration":1,"failureDetails":[],"failureMessages":[],"fullName":"afterId 定位逻辑测试套件 删除后的插入：在已删除字符的位置插入","invocations":1,"location":null,"numPassingAsserts":2,"retryReasons":[],"status":"passed","title":"删除后的插入：在已删除字符的位置插入"},{"ancestorTitles":["afterId 定位逻辑测试套件"],"duration":2,"failureDetails":[],"failureMessages":[],"fullName":"afterId 定位逻辑测试套件 无效 afterId 处理：使用不存在的 opId","invocations":1,"location":null,"numPassingAsserts":4,"retryReasons":[],"status":"passed","title":"无效 afterId 处理：使用不存在的 opId"},{"ancestorTitles":["afterId 定位逻辑测试套件"],"duration":1,"failureDetails":[],"failureMessages":[],"fullName":"afterId 定位逻辑测试套件 并发 afterId 插入：两客户端在同一字符后插入","invocations":1,"location":null,"numPassingAsserts":7,"retryReasons":[],"status":"passed","title":"并发 afterId 插入：两客户端在同一字符后插入"},{"ancestorTitles":["afterId 定位逻辑测试套件"],"duration":2,"failureDetails":[{"matcherResult":{"message":"expect(received).toContain(expected) // indexOf\n\nExpected substring: \"Beautiful\"\nReceived string:    \"Heautiful ello BWorld\"","pass":false}}],"failureMessages":["Error: expect(received).toContain(expected) // indexOf\n\nExpected substring: \"Beautiful\"\nReceived string:    \"Heautiful ello BWorld\"\n    at Object.toContain (/Users/aaron/Desktop/6200 毕业论文/markWeave/mark-weave-editor/tests/crdt/afterId.test.js:252:20)\n    at Promise.then.completed (/Users/aaron/Desktop/6200 毕业论文/markWeave/mark-weave-editor/node_modules/jest-circus/build/utils.js:298:28)\n    at new Promise (<anonymous>)\n    at callAsyncCircusFn (/Users/aaron/Desktop/6200 毕业论文/markWeave/mark-weave-editor/node_modules/jest-circus/build/utils.js:231:10)\n    at _callCircusTest (/Users/aaron/Desktop/6200 毕业论文/markWeave/mark-weave-editor/node_modules/jest-circus/build/run.js:316:40)\n    at _runTest (/Users/aaron/Desktop/6200 毕业论文/markWeave/mark-weave-editor/node_modules/jest-circus/build/run.js:252:3)\n    at _runTestsForDescribeBlock (/Users/aaron/Desktop/6200 毕业论文/markWeave/mark-weave-editor/node_modules/jest-circus/build/run.js:126:9)\n    at _runTestsForDescribeBlock (/Users/aaron/Desktop/6200 毕业论文/markWeave/mark-weave-editor/node_modules/jest-circus/build/run.js:121:9)\n    at run (/Users/aaron/Desktop/6200 毕业论文/markWeave/mark-weave-editor/node_modules/jest-circus/build/run.js:71:3)\n    at runAndTransformResultsToJestFormat (/Users/aaron/Desktop/6200 毕业论文/markWeave/mark-weave-editor/node_modules/jest-circus/build/legacy-code-todo-rewrite/jestAdapterInit.js:122:21)\n    at jestAdapter (/Users/aaron/Desktop/6200 毕业论文/markWeave/mark-weave-editor/node_modules/jest-circus/build/legacy-code-todo-rewrite/jestAdapter.js:79:19)\n    at runTestInternal (/Users/aaron/Desktop/6200 毕业论文/markWeave/mark-weave-editor/node_modules/jest-runner/build/runTest.js:367:16)\n    at runTest (/Users/aaron/Desktop/6200 毕业论文/markWeave/mark-weave-editor/node_modules/jest-runner/build/runTest.js:444:34)"],"fullName":"afterId 定位逻辑测试套件 多字符 afterId 插入：insertText with afterId","invocations":1,"location":null,"numPassingAsserts":5,"retryReasons":[],"status":"failed","title":"多字符 afterId 插入：insertText with afterId"},{"ancestorTitles":["afterId 定位逻辑测试套件"],"duration":1,"failureDetails":[],"failureMessages":[],"fullName":"afterId 定位逻辑测试套件 边界测试：空文档中的 afterId 插入","invocations":1,"location":null,"numPassingAsserts":2,"retryReasons":[],"status":"passed","title":"边界测试：空文档中的 afterId 插入"}],"endTime":1752423877591,"message":"  ● afterId 定位逻辑测试套件 › 多字符 afterId 插入：insertText with afterId\n\n    expect(received).toContain(expected) // indexOf\n\n    Expected substring: \"Beautiful\"\n    Received string:    \"Heautiful ello BWorld\"\n\n      250 |     expect(finalA).toContain(\"l\");\n      251 |     expect(finalA).toContain(\"o\");\n    > 252 |     expect(finalA).toContain(\"Beautiful\");\n          |                    ^\n      253 |     expect(finalA).toContain(\"World\");\n      254 |\n      255 |     console.log(\"多字符插入结果:\", finalA);\n\n      at Object.toContain (tests/crdt/afterId.test.js:252:20)\n","name":"/Users/aaron/Desktop/6200 毕业论文/markWeave/mark-weave-editor/tests/crdt/afterId.test.js","startTime":1752423877519,"status":"failed","summary":""},{"assertionResults":[{"ancestorTitles":["并发插入完整测试套件"],"duration":11,"failureDetails":[],"failureMessages":[],"fullName":"并发插入完整测试套件 基础并发插入 - 两客户端开头同时插入","invocations":1,"location":null,"numPassingAsserts":4,"retryReasons":[],"status":"passed","title":"基础并发插入 - 两客户端开头同时插入"},{"ancestorTitles":["并发插入完整测试套件"],"duration":5,"failureDetails":[],"failureMessages":[],"fullName":"并发插入完整测试套件 中间位置并发插入 - 在指定字符后同时插入","invocations":1,"location":null,"numPassingAsserts":6,"retryReasons":[],"status":"passed","title":"中间位置并发插入 - 在指定字符后同时插入"},{"ancestorTitles":["并发插入完整测试套件"],"duration":2,"failureDetails":[],"failureMessages":[],"fullName":"并发插入完整测试套件 多字符并发插入 - 使用insertText","invocations":1,"location":null,"numPassingAsserts":4,"retryReasons":[],"status":"passed","title":"多字符并发插入 - 使用insertText"},{"ancestorTitles":["并发插入完整测试套件"],"duration":6,"failureDetails":[],"failureMessages":[],"fullName":"并发插入完整测试套件 三客户端并发插入 - 复杂并发场景","invocations":1,"location":null,"numPassingAsserts":6,"retryReasons":[],"status":"passed","title":"三客户端并发插入 - 复杂并发场景"},{"ancestorTitles":["并发插入完整测试套件"],"duration":2,"failureDetails":[],"failureMessages":[],"fullName":"并发插入完整测试套件 连续并发插入 - 模拟快速输入","invocations":1,"location":null,"numPassingAsserts":7,"retryReasons":[],"status":"passed","title":"连续并发插入 - 模拟快速输入"},{"ancestorTitles":["并发插入完整测试套件"],"duration":5,"failureDetails":[],"failureMessages":[],"fullName":"并发插入完整测试套件 混合操作并发 - 插入+删除+格式化","invocations":1,"location":null,"numPassingAsserts":4,"retryReasons":[],"status":"passed","title":"混合操作并发 - 插入+删除+格式化"},{"ancestorTitles":["并发插入完整测试套件"],"duration":2,"failureDetails":[],"failureMessages":[],"fullName":"并发插入完整测试套件 边界情况 - 空文档并发插入","invocations":1,"location":null,"numPassingAsserts":4,"retryReasons":[],"status":"passed","title":"边界情况 - 空文档并发插入"},{"ancestorTitles":["并发插入完整测试套件"],"duration":3,"failureDetails":[],"failureMessages":[],"fullName":"并发插入完整测试套件 时间戳分析 - 验证排序规则","invocations":1,"location":null,"numPassingAsserts":1,"retryReasons":[],"status":"passed","title":"时间戳分析 - 验证排序规则"},{"ancestorTitles":["并发插入完整测试套件"],"duration":6,"failureDetails":[],"failureMessages":[],"fullName":"并发插入完整测试套件 极速并发插入 - 模拟高频输入场景","invocations":1,"location":null,"numPassingAsserts":18,"retryReasons":[],"status":"passed","title":"极速并发插入 - 模拟高频输入场景"},{"ancestorTitles":["并发插入完整测试套件"],"duration":5,"failureDetails":[],"failureMessages":[],"fullName":"并发插入完整测试套件 网络分区模拟 - 部分同步场景","invocations":1,"location":null,"numPassingAsserts":6,"retryReasons":[],"status":"passed","title":"网络分区模拟 - 部分同步场景"},{"ancestorTitles":["并发插入完整测试套件"],"duration":53,"failureDetails":[],"failureMessages":[],"fullName":"并发插入完整测试套件 大规模并发压力测试 - 10客户端同时操作","invocations":1,"location":null,"numPassingAsserts":11,"retryReasons":[],"status":"passed","title":"大规模并发压力测试 - 10客户端同时操作"},{"ancestorTitles":["并发插入完整测试套件"],"duration":6,"failureDetails":[],"failureMessages":[],"fullName":"并发插入完整测试套件 乱序同步测试 - 模拟网络延迟和重排","invocations":1,"location":null,"numPassingAsserts":7,"retryReasons":[],"status":"passed","title":"乱序同步测试 - 模拟网络延迟和重排"},{"ancestorTitles":["并发插入完整测试套件"],"duration":2,"failureDetails":[],"failureMessages":[],"fullName":"并发插入完整测试套件 冲突解决一致性 - 相同时间戳处理","invocations":1,"location":null,"numPassingAsserts":3,"retryReasons":[],"status":"passed","title":"冲突解决一致性 - 相同时间戳处理"},{"ancestorTitles":["并发插入完整测试套件"],"duration":6,"failureDetails":[],"failureMessages":[],"fullName":"并发插入完整测试套件 网络丢包模拟 - 随机丢失更新","invocations":1,"location":null,"numPassingAsserts":7,"retryReasons":[],"status":"passed","title":"网络丢包模拟 - 随机丢失更新"},{"ancestorTitles":["并发插入完整测试套件"],"duration":4,"failureDetails":[],"failureMessages":[],"fullName":"并发插入完整测试套件 网络延迟模拟 - 不同延迟下的同步","invocations":1,"location":null,"numPassingAsserts":6,"retryReasons":[],"status":"passed","title":"网络延迟模拟 - 不同延迟下的同步"},{"ancestorTitles":["并发插入完整测试套件"],"duration":3,"failureDetails":[],"failureMessages":[],"fullName":"并发插入完整测试套件 网络重复传输模拟 - 处理重复消息","invocations":1,"location":null,"numPassingAsserts":4,"retryReasons":[],"status":"passed","title":"网络重复传输模拟 - 处理重复消息"},{"ancestorTitles":["并发插入完整测试套件"],"duration":5,"failureDetails":[],"failureMessages":[],"fullName":"并发插入完整测试套件 网络带宽限制模拟 - 批量更新优化","invocations":1,"location":null,"numPassingAsserts":11,"retryReasons":[],"status":"passed","title":"网络带宽限制模拟 - 批量更新优化"}],"endTime":1752423877765,"message":"","name":"/Users/aaron/Desktop/6200 毕业论文/markWeave/mark-weave-editor/tests/crdt/concurrent.test.js","startTime":1752423877594,"status":"passed","summary":""},{"assertionResults":[{"ancestorTitles":["多格式叠加与并发冲突测试套件"],"duration":7,"failureDetails":[],"failureMessages":[],"fullName":"多格式叠加与并发冲突测试套件 基础多格式叠加后撤销得到正确 mark 树","invocations":1,"location":null,"numPassingAsserts":4,"retryReasons":[],"status":"passed","title":"基础多格式叠加后撤销得到正确 mark 树"},{"ancestorTitles":["多格式叠加与并发冲突测试套件"],"duration":2,"failureDetails":[],"failureMessages":[],"fullName":"多格式叠加与并发冲突测试套件 嵌套格式化 - 粗体包含斜体","invocations":1,"location":null,"numPassingAsserts":4,"retryReasons":[],"status":"passed","title":"嵌套格式化 - 粗体包含斜体"},{"ancestorTitles":["多格式叠加与并发冲突测试套件"],"duration":3,"failureDetails":[],"failureMessages":[],"fullName":"多格式叠加与并发冲突测试套件 交叉格式化冲突 - 重叠区域处理","invocations":1,"location":null,"numPassingAsserts":5,"retryReasons":[],"status":"passed","title":"交叉格式化冲突 - 重叠区域处理"},{"ancestorTitles":["多格式叠加与并发冲突测试套件"],"duration":3,"failureDetails":[],"failureMessages":[],"fullName":"多格式叠加与并发冲突测试套件 格式化的 remove-wins 优先级测试","invocations":1,"location":null,"numPassingAsserts":4,"retryReasons":[],"status":"passed","title":"格式化的 remove-wins 优先级测试"},{"ancestorTitles":["多格式叠加与并发冲突测试套件"],"duration":5,"failureDetails":[],"failureMessages":[],"fullName":"多格式叠加与并发冲突测试套件 复杂格式序列 - 链式格式化操作","invocations":1,"location":null,"numPassingAsserts":6,"retryReasons":[],"status":"passed","title":"复杂格式序列 - 链式格式化操作"},{"ancestorTitles":["多格式叠加与并发冲突测试套件"],"duration":1,"failureDetails":[],"failureMessages":[],"fullName":"多格式叠加与并发冲突测试套件 边界格式化 - 空字符和单字符","invocations":1,"location":null,"numPassingAsserts":3,"retryReasons":[],"status":"passed","title":"边界格式化 - 空字符和单字符"},{"ancestorTitles":["多格式叠加与并发冲突测试套件"],"duration":4,"failureDetails":[],"failureMessages":[],"fullName":"多格式叠加与并发冲突测试套件 并发格式化与文本编辑混合场景","invocations":1,"location":null,"numPassingAsserts":7,"retryReasons":[],"status":"passed","title":"并发格式化与文本编辑混合场景"}],"endTime":1752423877839,"message":"","name":"/Users/aaron/Desktop/6200 毕业论文/markWeave/mark-weave-editor/tests/crdt/multiMark.test.js","startTime":1752423877767,"status":"passed","summary":""},{"assertionResults":[{"ancestorTitles":[],"duration":10,"failureDetails":[],"failureMessages":[],"fullName":"removeBold 应覆盖 addBold (remove-wins)","invocations":1,"location":null,"numPassingAsserts":1,"retryReasons":[],"status":"passed","title":"removeBold 应覆盖 addBold (remove-wins)"}],"endTime":1752423877895,"message":"","name":"/Users/aaron/Desktop/6200 毕业论文/markWeave/mark-weave-editor/tests/crdt/removeWins.test.js","startTime":1752423877840,"status":"passed","summary":""},{"assertionResults":[{"ancestorTitles":[],"duration":6,"failureDetails":[],"failureMessages":[],"fullName":"重叠/相邻删除后最终一致","invocations":1,"location":null,"numPassingAsserts":2,"retryReasons":[],"status":"passed","title":"重叠/相邻删除后最终一致"}],"endTime":1752423877948,"message":"","name":"/Users/aaron/Desktop/6200 毕业论文/markWeave/mark-weave-editor/tests/crdt/deleteRange.test.js","startTime":1752423877897,"status":"passed","summary":""},{"assertionResults":[{"ancestorTitles":[],"duration":5,"failureDetails":[],"failureMessages":[],"fullName":"两个客户端并发插入后状态一致","invocations":1,"location":null,"numPassingAsserts":1,"retryReasons":[],"status":"passed","title":"两个客户端并发插入后状态一致"}],"endTime":1752423877995,"message":"","name":"/Users/aaron/Desktop/6200 毕业论文/markWeave/mark-weave-editor/tests/crdt/deterministic.test.js","startTime":1752423877949,"status":"passed","summary":""}],"wasInterrupted":false}
