{"numFailedTestSuites":0,"numFailedTests":0,"numPassedTestSuites":6,"numPassedTests":33,"numPendingTestSuites":0,"numPendingTests":0,"numRuntimeErrorTestSuites":0,"numTodoTests":0,"numTotalTestSuites":6,"numTotalTests":33,"openHandles":[],"snapshot":{"added":0,"didUpdate":false,"failure":false,"filesAdded":0,"filesRemoved":0,"filesRemovedList":[],"filesUnmatched":0,"filesUpdated":0,"matched":0,"total":0,"unchecked":0,"uncheckedKeysByFile":[],"unmatched":0,"updated":0},"startTime":1752437057012,"success":true,"testResults":[{"assertionResults":[{"ancestorTitles":[],"duration":2538,"failureDetails":[],"failureMessages":[],"fullName":"CRDT 基准性能","invocations":1,"location":null,"numPassingAsserts":2,"retryReasons":[],"status":"passed","title":"CRDT 基准性能"}],"endTime":1752437059771,"message":"","name":"/Users/aaron/Desktop/6200 毕业论文/markWeave/mark-weave-editor/tests/crdt/benchmark.test.js","startTime":1752437057032,"status":"passed","summary":""},{"assertionResults":[{"ancestorTitles":["CRDT 随机并发一致性"],"duration":77,"failureDetails":[],"failureMessages":[],"fullName":"CRDT 随机并发一致性 50 轮随机操作后所有客户端文本一致","invocations":1,"location":null,"numPassingAsserts":100,"retryReasons":[],"status":"passed","title":"50 轮随机操作后所有客户端文本一致"},{"ancestorTitles":["CRDT 随机并发一致性"],"duration":99,"failureDetails":[],"failureMessages":[],"fullName":"CRDT 随机并发一致性 复杂混合操作 - 插入、删除、批量文本操作","invocations":1,"location":null,"numPassingAsserts":120,"retryReasons":[],"status":"passed","title":"复杂混合操作 - 插入、删除、批量文本操作"},{"ancestorTitles":["CRDT 随机并发一致性"],"duration":69,"failureDetails":[],"failureMessages":[],"fullName":"CRDT 随机并发一致性 极端边界情况 - 空文档和大量操作","invocations":1,"location":null,"numPassingAsserts":25,"retryReasons":[],"status":"passed","title":"极端边界情况 - 空文档和大量操作"},{"ancestorTitles":["CRDT 随机并发一致性"],"duration":51,"failureDetails":[],"failureMessages":[],"fullName":"CRDT 随机并发一致性 时间戳冲突压力测试 - 模拟高并发","invocations":1,"location":null,"numPassingAsserts":678,"retryReasons":[],"status":"passed","title":"时间戳冲突压力测试 - 模拟高并发"},{"ancestorTitles":["CRDT 随机并发一致性"],"duration":31,"failureDetails":[],"failureMessages":[],"fullName":"CRDT 随机并发一致性 网络分区恢复 - 随机分组和重连","invocations":1,"location":null,"numPassingAsserts":45,"retryReasons":[],"status":"passed","title":"网络分区恢复 - 随机分组和重连"},{"ancestorTitles":["CRDT 随机并发一致性"],"duration":230,"failureDetails":[],"failureMessages":[],"fullName":"CRDT 随机并发一致性 大规模数据量测试 - 处理长文档","invocations":1,"location":null,"numPassingAsserts":20,"retryReasons":[],"status":"passed","title":"大规模数据量测试 - 处理长文档"}],"endTime":1752437060429,"message":"","name":"/Users/aaron/Desktop/6200 毕业论文/markWeave/mark-weave-editor/tests/crdt/fuzz.test.js","startTime":1752437059773,"status":"passed","summary":""},{"assertionResults":[{"ancestorTitles":["并发插入完整测试套件"],"duration":7,"failureDetails":[],"failureMessages":[],"fullName":"并发插入完整测试套件 基础并发插入 - 两客户端开头同时插入","invocations":1,"location":null,"numPassingAsserts":4,"retryReasons":[],"status":"passed","title":"基础并发插入 - 两客户端开头同时插入"},{"ancestorTitles":["并发插入完整测试套件"],"duration":7,"failureDetails":[],"failureMessages":[],"fullName":"并发插入完整测试套件 中间位置并发插入 - 在指定字符后同时插入","invocations":1,"location":null,"numPassingAsserts":6,"retryReasons":[],"status":"passed","title":"中间位置并发插入 - 在指定字符后同时插入"},{"ancestorTitles":["并发插入完整测试套件"],"duration":3,"failureDetails":[],"failureMessages":[],"fullName":"并发插入完整测试套件 多字符并发插入 - 使用insertText","invocations":1,"location":null,"numPassingAsserts":4,"retryReasons":[],"status":"passed","title":"多字符并发插入 - 使用insertText"},{"ancestorTitles":["并发插入完整测试套件"],"duration":4,"failureDetails":[],"failureMessages":[],"fullName":"并发插入完整测试套件 三客户端并发插入 - 复杂并发场景","invocations":1,"location":null,"numPassingAsserts":6,"retryReasons":[],"status":"passed","title":"三客户端并发插入 - 复杂并发场景"},{"ancestorTitles":["并发插入完整测试套件"],"duration":3,"failureDetails":[],"failureMessages":[],"fullName":"并发插入完整测试套件 连续并发插入 - 模拟快速输入","invocations":1,"location":null,"numPassingAsserts":7,"retryReasons":[],"status":"passed","title":"连续并发插入 - 模拟快速输入"},{"ancestorTitles":["并发插入完整测试套件"],"duration":5,"failureDetails":[],"failureMessages":[],"fullName":"并发插入完整测试套件 混合操作并发 - 插入+删除+格式化","invocations":1,"location":null,"numPassingAsserts":4,"retryReasons":[],"status":"passed","title":"混合操作并发 - 插入+删除+格式化"},{"ancestorTitles":["并发插入完整测试套件"],"duration":4,"failureDetails":[],"failureMessages":[],"fullName":"并发插入完整测试套件 边界情况 - 空文档并发插入","invocations":1,"location":null,"numPassingAsserts":4,"retryReasons":[],"status":"passed","title":"边界情况 - 空文档并发插入"},{"ancestorTitles":["并发插入完整测试套件"],"duration":3,"failureDetails":[],"failureMessages":[],"fullName":"并发插入完整测试套件 时间戳分析 - 验证排序规则","invocations":1,"location":null,"numPassingAsserts":1,"retryReasons":[],"status":"passed","title":"时间戳分析 - 验证排序规则"},{"ancestorTitles":["并发插入完整测试套件"],"duration":4,"failureDetails":[],"failureMessages":[],"fullName":"并发插入完整测试套件 极速并发插入 - 模拟高频输入场景","invocations":1,"location":null,"numPassingAsserts":18,"retryReasons":[],"status":"passed","title":"极速并发插入 - 模拟高频输入场景"},{"ancestorTitles":["并发插入完整测试套件"],"duration":5,"failureDetails":[],"failureMessages":[],"fullName":"并发插入完整测试套件 网络分区模拟 - 部分同步场景","invocations":1,"location":null,"numPassingAsserts":6,"retryReasons":[],"status":"passed","title":"网络分区模拟 - 部分同步场景"},{"ancestorTitles":["并发插入完整测试套件"],"duration":24,"failureDetails":[],"failureMessages":[],"fullName":"并发插入完整测试套件 大规模并发压力测试 - 10客户端同时操作","invocations":1,"location":null,"numPassingAsserts":11,"retryReasons":[],"status":"passed","title":"大规模并发压力测试 - 10客户端同时操作"},{"ancestorTitles":["并发插入完整测试套件"],"duration":2,"failureDetails":[],"failureMessages":[],"fullName":"并发插入完整测试套件 乱序同步测试 - 模拟网络延迟和重排","invocations":1,"location":null,"numPassingAsserts":7,"retryReasons":[],"status":"passed","title":"乱序同步测试 - 模拟网络延迟和重排"},{"ancestorTitles":["并发插入完整测试套件"],"duration":1,"failureDetails":[],"failureMessages":[],"fullName":"并发插入完整测试套件 冲突解决一致性 - 相同时间戳处理","invocations":1,"location":null,"numPassingAsserts":3,"retryReasons":[],"status":"passed","title":"冲突解决一致性 - 相同时间戳处理"},{"ancestorTitles":["并发插入完整测试套件"],"duration":4,"failureDetails":[],"failureMessages":[],"fullName":"并发插入完整测试套件 网络丢包模拟 - 随机丢失更新","invocations":1,"location":null,"numPassingAsserts":7,"retryReasons":[],"status":"passed","title":"网络丢包模拟 - 随机丢失更新"},{"ancestorTitles":["并发插入完整测试套件"],"duration":3,"failureDetails":[],"failureMessages":[],"fullName":"并发插入完整测试套件 网络延迟模拟 - 不同延迟下的同步","invocations":1,"location":null,"numPassingAsserts":6,"retryReasons":[],"status":"passed","title":"网络延迟模拟 - 不同延迟下的同步"},{"ancestorTitles":["并发插入完整测试套件"],"duration":3,"failureDetails":[],"failureMessages":[],"fullName":"并发插入完整测试套件 网络重复传输模拟 - 处理重复消息","invocations":1,"location":null,"numPassingAsserts":4,"retryReasons":[],"status":"passed","title":"网络重复传输模拟 - 处理重复消息"},{"ancestorTitles":["并发插入完整测试套件"],"duration":7,"failureDetails":[],"failureMessages":[],"fullName":"并发插入完整测试套件 网络带宽限制模拟 - 批量更新优化","invocations":1,"location":null,"numPassingAsserts":11,"retryReasons":[],"status":"passed","title":"网络带宽限制模拟 - 批量更新优化"}],"endTime":1752437060574,"message":"","name":"/Users/aaron/Desktop/6200 毕业论文/markWeave/mark-weave-editor/tests/crdt/concurrent.test.js","startTime":1752437060431,"status":"passed","summary":""},{"assertionResults":[{"ancestorTitles":["多格式叠加与并发冲突测试套件"],"duration":6,"failureDetails":[],"failureMessages":[],"fullName":"多格式叠加与并发冲突测试套件 基础多格式叠加后撤销得到正确 mark 树","invocations":1,"location":null,"numPassingAsserts":4,"retryReasons":[],"status":"passed","title":"基础多格式叠加后撤销得到正确 mark 树"},{"ancestorTitles":["多格式叠加与并发冲突测试套件"],"duration":6,"failureDetails":[],"failureMessages":[],"fullName":"多格式叠加与并发冲突测试套件 嵌套格式化 - 粗体包含斜体","invocations":1,"location":null,"numPassingAsserts":4,"retryReasons":[],"status":"passed","title":"嵌套格式化 - 粗体包含斜体"},{"ancestorTitles":["多格式叠加与并发冲突测试套件"],"duration":10,"failureDetails":[],"failureMessages":[],"fullName":"多格式叠加与并发冲突测试套件 交叉格式化冲突 - 重叠区域处理","invocations":1,"location":null,"numPassingAsserts":5,"retryReasons":[],"status":"passed","title":"交叉格式化冲突 - 重叠区域处理"},{"ancestorTitles":["多格式叠加与并发冲突测试套件"],"duration":3,"failureDetails":[],"failureMessages":[],"fullName":"多格式叠加与并发冲突测试套件 格式化的 remove-wins 优先级测试","invocations":1,"location":null,"numPassingAsserts":4,"retryReasons":[],"status":"passed","title":"格式化的 remove-wins 优先级测试"},{"ancestorTitles":["多格式叠加与并发冲突测试套件"],"duration":13,"failureDetails":[],"failureMessages":[],"fullName":"多格式叠加与并发冲突测试套件 复杂格式序列 - 链式格式化操作","invocations":1,"location":null,"numPassingAsserts":6,"retryReasons":[],"status":"passed","title":"复杂格式序列 - 链式格式化操作"},{"ancestorTitles":["多格式叠加与并发冲突测试套件"],"duration":3,"failureDetails":[],"failureMessages":[],"fullName":"多格式叠加与并发冲突测试套件 边界格式化 - 空字符和单字符","invocations":1,"location":null,"numPassingAsserts":3,"retryReasons":[],"status":"passed","title":"边界格式化 - 空字符和单字符"},{"ancestorTitles":["多格式叠加与并发冲突测试套件"],"duration":3,"failureDetails":[],"failureMessages":[],"fullName":"多格式叠加与并发冲突测试套件 并发格式化与文本编辑混合场景","invocations":1,"location":null,"numPassingAsserts":7,"retryReasons":[],"status":"passed","title":"并发格式化与文本编辑混合场景"}],"endTime":1752437060676,"message":"","name":"/Users/aaron/Desktop/6200 毕业论文/markWeave/mark-weave-editor/tests/crdt/multiMark.test.js","startTime":1752437060576,"status":"passed","summary":""},{"assertionResults":[{"ancestorTitles":[],"duration":13,"failureDetails":[],"failureMessages":[],"fullName":"removeBold 应覆盖 addBold (remove-wins)","invocations":1,"location":null,"numPassingAsserts":1,"retryReasons":[],"status":"passed","title":"removeBold 应覆盖 addBold (remove-wins)"}],"endTime":1752437060736,"message":"","name":"/Users/aaron/Desktop/6200 毕业论文/markWeave/mark-weave-editor/tests/crdt/removeWins.test.js","startTime":1752437060677,"status":"passed","summary":""},{"assertionResults":[{"ancestorTitles":[],"duration":7,"failureDetails":[],"failureMessages":[],"fullName":"两个客户端并发插入后状态一致","invocations":1,"location":null,"numPassingAsserts":1,"retryReasons":[],"status":"passed","title":"两个客户端并发插入后状态一致"}],"endTime":1752437060802,"message":"","name":"/Users/aaron/Desktop/6200 毕业论文/markWeave/mark-weave-editor/tests/crdt/deterministic.test.js","startTime":1752437060738,"status":"passed","summary":""}],"wasInterrupted":false}
